Arguments: 
  /snap/node/2494/bin/node /snap/node/2494/bin/yarn.js link

PATH: 
  /home/thales-gelinger/.zinit/polaris/bin:/home/thales-gelinger/.local/bin:/usr/local/sbin:/usr/local/bin:/usr/sbin:/usr/bin:/sbin:/bin:/usr/games:/usr/local/games:/snap/bin

Yarn version: 
  1.17.3

Node version: 
  13.0.0-nightly20190802452b393c1f

Platform: 
  linux x64

Trace: 
  Error: EACCES: permission denied, unlink '/usr/local/bin/monkey'

npm manifest: 
  {
    "name": "monkey-cli",
    "version": "0.0.1",
    "description": "monkey CLI",
    "types": "build/types/types.d.ts",
    "bin": {
      "monkey": "bin/monkey"
    },
    "scripts": {
      "format": "prettier --write **/*.{js,ts,tsx,json}",
      "lint": "tslint -p .",
      "clean-build": "rm -rf ./build",
      "compile": "tsc -p .",
      "copy-templates": "if [ -e ./src/templates ]; then cp -a ./src/templates ./build/; fi",
      "build": "yarn format && yarn lint && yarn clean-build && yarn compile && yarn copy-templates",
      "prepublishOnly": "yarn build",
      "test": "jest",
      "watch": "jest --watch",
      "snapupdate": "jest --updateSnapshot",
      "coverage": "jest --coverage"
    },
    "files": [
      "tsconfig.json",
      "tslint.json",
      "build",
      "LICENSE",
      "readme.md",
      "docs",
      "bin"
    ],
    "license": "MIT",
    "dependencies": {
      "gluegun": "latest"
    },
    "devDependencies": {
      "@types/node": "^12.7.11",
      "@types/jest": "^24.0.18",
      "ts-node": "^8.4.1",
      "ts-jest": "^24.1.0",
      "tslint": "^5.12.0",
      "tslint-config-prettier": "^1.17.0",
      "tslint-config-standard": "^8.0.1",
      "typescript": "^3.6.3",
      "prettier": "^1.12.1",
      "jest": "^24.1.0"
    },
    "jest": {
      "preset": "ts-jest",
      "testEnvironment": "node"
    },
    "prettier": {
      "semi": false,
      "singleQuote": true
    }
  }

yarn manifest: 
  No manifest

Lockfile: 
  No lockfile
